<?xml version="1.0" encoding="UTF-8"?>
<testsuites name="Smoke Test" time="55" tests="1" failures="1" errors="0">
   <testsuite name="Smoke Test" tests="1" failures="1" errors="0" time="55" timestamp="2018-05-30 15:11:50" hostname="ARJUN - ARJUNS" id="Test Suites/Smoke Test">
      <properties>
         <property name="deviceName" value=""/>
         <property name="devicePlatform" value=""/>
         <property name="logFolder" value="C:\\Users\\ARJUN\\Katalon Studio\\Test USGBC\\Reports\\Smoke Test\\20180530_151143"/>
         <property name="logFiles" value="C:\\Users\\ARJUN\\Katalon Studio\\Test USGBC\\Reports\\Smoke Test\\20180530_151143\\execution0.log"/>
         <property name="attachments" value="C:\\Users\\ARJUN\\Katalon Studio\\Test USGBC\\Reports\\Smoke Test\\20180530_151143\\1527707564732.png"/>
         <property name="hostName" value="ARJUN - ARJUNS"/>
         <property name="os" value="Windows 10 64bit"/>
         <property name="katalonVersion" value="5.4.2.1"/>
         <property name="browser" value="Chrome 66.0.3359.181"/>
         <property name="hostAddress" value="192.168.56.1"/>
         <property name="sessionId" value="3c6fc3e7140f8b037359fd714989dc7a"/>
         <property name="seleniumVersion" value="3.7.1"/>
         <property name="proxyInformation" value="ProxyInformation{proxyOption=NO_PROXY, proxyServerType=HTTP, password=, proxyServerAddress=, proxyServerPort=0}"/>
         <property name="platform" value="Windows 10"/>
      </properties>
      <testcase name="Test Cases/Membership" classname="Test Cases/Membership" status="PASSED">
         <system-out><![CDATA[2018-05-30 15:11:50 - [TEST_CASE][PASSED] - Test Cases/Membership: Test Cases/Membership

2018-05-30 15:11:51 - [TEST_STEP][PASSED] - openBrowser: Browser is opened with url: ''

2018-05-30 15:11:55 - [MESSAGE][PASSED] - Browser is opened with url: ''

2018-05-30 15:11:55 - [TEST_STEP][PASSED] - navigateToUrl: Navigate to 'http://test-dynamic-usgbc.pantheonsite.io/membership/contact' successfully

2018-05-30 15:11:56 - [MESSAGE][PASSED] - Navigate to 'http://test-dynamic-usgbc.pantheonsite.io/membership/contact' successfully

2018-05-30 15:11:56 - [TEST_STEP][PASSED] - click: Object: 'Object Repository/Page_Contact Form  dynamic-usgbc/a_Sign in' is clicked on

2018-05-30 15:11:58 - [MESSAGE][PASSED] - Object: 'Object Repository/Page_Contact Form  dynamic-usgbc/a_Sign in' is clicked on

2018-05-30 15:11:58 - [TEST_STEP][PASSED] - setText: Text 'mallik@gmail.com' is set on object 'Object Repository/Page_Sign-in Page  dynamic-usgbc/input_existinguser_usernamae'

2018-05-30 15:11:58 - [MESSAGE][PASSED] - Text 'mallik@gmail.com' is set on object 'Object Repository/Page_Sign-in Page  dynamic-usgbc/input_existinguser_usernamae'

2018-05-30 15:11:58 - [TEST_STEP][PASSED] - setText: Text 'initpass' is set on object 'Object Repository/Page_Sign-in Page  dynamic-usgbc/input_existinguser_password'

2018-05-30 15:11:58 - [MESSAGE][PASSED] - Text 'initpass' is set on object 'Object Repository/Page_Sign-in Page  dynamic-usgbc/input_existinguser_password'

2018-05-30 15:11:58 - [TEST_STEP][PASSED] - click: Object: 'Object Repository/Page_Sign-in Page  dynamic-usgbc/input_op' is clicked on

2018-05-30 15:12:00 - [MESSAGE][PASSED] - Object: 'Object Repository/Page_Sign-in Page  dynamic-usgbc/input_op' is clicked on

2018-05-30 15:12:00 - [TEST_STEP][PASSED] - setText: Text 'gupta' is set on object 'Object Repository/Page_Contact Form  dynamic-usgbc/input_attention_to'

2018-05-30 15:12:00 - [MESSAGE][PASSED] - Text 'gupta' is set on object 'Object Repository/Page_Contact Form  dynamic-usgbc/input_attention_to'

2018-05-30 15:12:00 - [TEST_STEP][PASSED] - setText: Text 'promantus' is set on object 'Object Repository/Page_Contact Form  dynamic-usgbc/input_company'

2018-05-30 15:12:00 - [MESSAGE][PASSED] - Text 'promantus' is set on object 'Object Repository/Page_Contact Form  dynamic-usgbc/input_company'

2018-05-30 15:12:00 - [TEST_STEP][PASSED] - setText: Text '1808 Glengate Circle' is set on object 'Object Repository/Page_Contact Form  dynamic-usgbc/input_addressaddress_line1'

2018-05-30 15:12:01 - [MESSAGE][PASSED] - Text '1808 Glengate Circle' is set on object 'Object Repository/Page_Contact Form  dynamic-usgbc/input_addressaddress_line1'

2018-05-30 15:12:01 - [TEST_STEP][PASSED] - setText: Text 'West' is set on object 'Object Repository/Page_Contact Form  dynamic-usgbc/input_addressaddress_line2'

2018-05-30 15:12:01 - [MESSAGE][PASSED] - Text 'West' is set on object 'Object Repository/Page_Contact Form  dynamic-usgbc/input_addressaddress_line2'

2018-05-30 15:12:01 - [TEST_STEP][PASSED] - setText: Text 'Erie' is set on object 'Object Repository/Page_Contact Form  dynamic-usgbc/input_addresslocality'

2018-05-30 15:12:01 - [MESSAGE][PASSED] - Text 'Erie' is set on object 'Object Repository/Page_Contact Form  dynamic-usgbc/input_addresslocality'

2018-05-30 15:12:01 - [TEST_STEP][PASSED] - selectOptionByValue: All options with value 'PA' are selected in object 'Object Repository/Page_Contact Form  dynamic-usgbc/select_- Select -AlabamaAlaska'  using regular expression

2018-05-30 15:12:03 - [MESSAGE][PASSED] - All options with value 'PA' are selected in object 'Object Repository/Page_Contact Form  dynamic-usgbc/select_- Select -AlabamaAlaska'  using regular expression

2018-05-30 15:12:03 - [TEST_STEP][PASSED] - setText: Text '16507' is set on object 'Object Repository/Page_Contact Form  dynamic-usgbc/input_addresspostal_code'

2018-05-30 15:12:03 - [MESSAGE][PASSED] - Text '16507' is set on object 'Object Repository/Page_Contact Form  dynamic-usgbc/input_addresspostal_code'

2018-05-30 15:12:03 - [TEST_STEP][PASSED] - click: Object: 'Object Repository/Page_Contact Form  dynamic-usgbc/input_terms' is clicked on

2018-05-30 15:12:03 - [MESSAGE][PASSED] - Object: 'Object Repository/Page_Contact Form  dynamic-usgbc/input_terms' is clicked on

2018-05-30 15:12:03 - [TEST_STEP][PASSED] - click: Object: 'Object Repository/Page_Contact Form  dynamic-usgbc/input_op' is clicked on

2018-05-30 15:12:04 - [MESSAGE][PASSED] - Object: 'Object Repository/Page_Contact Form  dynamic-usgbc/input_op' is clicked on

2018-05-30 15:12:04 - [TEST_STEP][PASSED] - closeBrowser: Browser is closed

2018-05-30 15:12:05 - [MESSAGE][PASSED] - Browser is closed]]></system-out>
         <system-err><![CDATA[]]></system-err>
      </testcase>
      <testcase name="Test Cases/Sponsorship" classname="Test Cases/Sponsorship" status="FAILED">
         <failure type="FAILED" message="Unable to set text 'mallik@gmail.com' of object 'Object Repository/sponser/Page_Sign-in Page  dynamic-usgbc/input_existinguser_usernamae' (Root cause: com.kms.katalon.core.webui.exception.WebElementNotFoundException: Web element with id: 'Object Repository/sponser/Page_Sign-in Page  dynamic-usgbc/input_existinguser_usernamae' located by 'By.xpath: //input[@type = 'text' and @id = 'edit-existinguser-usernamae' and @name = 'existinguser_usernamae' and @placeholder = 'Email']' not found)"/>
         <system-out><![CDATA[2018-05-30 15:12:05 - [TEST_CASE][FAILED] - Test Cases/Sponsorship: Test Cases/Sponsorship FAILED because (of) Unable to set text 'mallik@gmail.com' of object 'Object Repository/sponser/Page_Sign-in Page  dynamic-usgbc/input_existinguser_usernamae' (Root cause: com.kms.katalon.core.webui.exception.WebElementNotFoundException: Web element with id: 'Object Repository/sponser/Page_Sign-in Page  dynamic-usgbc/input_existinguser_usernamae' located by 'By.xpath: //input[@type = 'text' and @id = 'edit-existinguser-usernamae' and @name = 'existinguser_usernamae' and @placeholder = 'Email']' not found)

2018-05-30 15:12:05 - [TEST_STEP][PASSED] - openBrowser: Browser is opened with url: ''

2018-05-30 15:12:07 - [MESSAGE][PASSED] - Browser is opened with url: ''

2018-05-30 15:12:07 - [TEST_STEP][PASSED] - navigateToUrl: Navigate to 'http://test-dynamic-usgbc.pantheonsite.io/sponsorship/content' successfully

2018-05-30 15:12:10 - [MESSAGE][PASSED] - Navigate to 'http://test-dynamic-usgbc.pantheonsite.io/sponsorship/content' successfully

2018-05-30 15:12:10 - [TEST_STEP][PASSED] - click: Object: 'Object Repository/sponser/Page_sponsorship Form  dynamic-usgb/input_types' is clicked on

2018-05-30 15:12:10 - [MESSAGE][PASSED] - Object: 'Object Repository/sponser/Page_sponsorship Form  dynamic-usgb/input_types' is clicked on

2018-05-30 15:12:10 - [TEST_STEP][PASSED] - setText: Text '50' is set on object 'Object Repository/sponser/Page_sponsorship Form  dynamic-usgb/input_amount'

2018-05-30 15:12:10 - [MESSAGE][PASSED] - Text '50' is set on object 'Object Repository/sponser/Page_sponsorship Form  dynamic-usgb/input_amount'

2018-05-30 15:12:10 - [TEST_STEP][PASSED] - setText: Text '725 chestnut st' is set on object 'Object Repository/sponser/Page_sponsorship Form  dynamic-usgb/input_addressaddress_line1'

2018-05-30 15:12:10 - [MESSAGE][PASSED] - Text '725 chestnut st' is set on object 'Object Repository/sponser/Page_sponsorship Form  dynamic-usgb/input_addressaddress_line1'

2018-05-30 15:12:10 - [TEST_STEP][PASSED] - setText: Text 'west' is set on object 'Object Repository/sponser/Page_sponsorship Form  dynamic-usgb/input_addressaddress_line2'

2018-05-30 15:12:10 - [MESSAGE][PASSED] - Text 'west' is set on object 'Object Repository/sponser/Page_sponsorship Form  dynamic-usgb/input_addressaddress_line2'

2018-05-30 15:12:10 - [TEST_STEP][PASSED] - setText: Text 'erie' is set on object 'Object Repository/sponser/Page_sponsorship Form  dynamic-usgb/input_addresslocality'

2018-05-30 15:12:11 - [MESSAGE][PASSED] - Text 'erie' is set on object 'Object Repository/sponser/Page_sponsorship Form  dynamic-usgb/input_addresslocality'

2018-05-30 15:12:11 - [TEST_STEP][PASSED] - selectOptionByValue: All options with value 'PA' are selected in object 'Object Repository/sponser/Page_sponsorship Form  dynamic-usgb/select_- Select -AlabamaAlaska'  using regular expression

2018-05-30 15:12:12 - [MESSAGE][PASSED] - All options with value 'PA' are selected in object 'Object Repository/sponser/Page_sponsorship Form  dynamic-usgb/select_- Select -AlabamaAlaska'  using regular expression

2018-05-30 15:12:12 - [TEST_STEP][PASSED] - setText: Text '16507' is set on object 'Object Repository/sponser/Page_sponsorship Form  dynamic-usgb/input_addresspostal_code'

2018-05-30 15:12:12 - [MESSAGE][PASSED] - Text '16507' is set on object 'Object Repository/sponser/Page_sponsorship Form  dynamic-usgb/input_addresspostal_code'

2018-05-30 15:12:12 - [TEST_STEP][PASSED] - click: Object: 'Object Repository/sponser/Page_sponsorship Form  dynamic-usgb/input_op' is clicked on

2018-05-30 15:12:13 - [MESSAGE][PASSED] - Object: 'Object Repository/sponser/Page_sponsorship Form  dynamic-usgb/input_op' is clicked on

2018-05-30 15:12:13 - [TEST_STEP][FAILED] - setText: Unable to set text 'mallik@gmail.com' of object 'Object Repository/sponser/Page_Sign-in Page  dynamic-usgbc/input_existinguser_usernamae' (Root cause: com.kms.katalon.core.webui.exception.WebElementNotFoundException: Web element with id: 'Object Repository/sponser/Page_Sign-in Page  dynamic-usgbc/input_existinguser_usernamae' located by 'By.xpath: //input[@type = 'text' and @id = 'edit-existinguser-usernamae' and @name = 'existinguser_usernamae' and @placeholder = 'Email']' not found)

2018-05-30 15:12:45 - [MESSAGE][FAILED] - Unable to set text 'mallik@gmail.com' of object 'Object Repository/sponser/Page_Sign-in Page  dynamic-usgbc/input_existinguser_usernamae' (Root cause: com.kms.katalon.core.webui.exception.WebElementNotFoundException: Web element with id: 'Object Repository/sponser/Page_Sign-in Page  dynamic-usgbc/input_existinguser_usernamae' located by 'By.xpath: //input[@type = 'text' and @id = 'edit-existinguser-usernamae' and @name = 'existinguser_usernamae' and @placeholder = 'Email']' not found)
[[ATTACHMENT|C:\\Users\\ARJUN\\Katalon Studio\\Test USGBC\\Reports\\Smoke Test\\20180530_151143\\1527707564732.png]]]]></system-out>
         <system-err><![CDATA[2018-05-30 15:12:05 - [TEST_CASE][FAILED] - Test Cases/Sponsorship: Test Cases/Sponsorship FAILED because (of) Unable to set text 'mallik@gmail.com' of object 'Object Repository/sponser/Page_Sign-in Page  dynamic-usgbc/input_existinguser_usernamae' (Root cause: com.kms.katalon.core.webui.exception.WebElementNotFoundException: Web element with id: 'Object Repository/sponser/Page_Sign-in Page  dynamic-usgbc/input_existinguser_usernamae' located by 'By.xpath: //input[@type = 'text' and @id = 'edit-existinguser-usernamae' and @name = 'existinguser_usernamae' and @placeholder = 'Email']' not found)]]></system-err>
      </testcase>
      <system-out><![CDATA[2018-05-30 15:11:50 - [TEST_SUITE][FAILED] - Smoke Test: Test Cases/Sponsorship FAILED because (of) Unable to set text 'mallik@gmail.com' of object 'Object Repository/sponser/Page_Sign-in Page  dynamic-usgbc/input_existinguser_usernamae' (Root cause: com.kms.katalon.core.webui.exception.WebElementNotFoundException: Web element with id: 'Object Repository/sponser/Page_Sign-in Page  dynamic-usgbc/input_existinguser_usernamae' located by 'By.xpath: //input[@type = 'text' and @id = 'edit-existinguser-usernamae' and @name = 'existinguser_usernamae' and @placeholder = 'Email']' not found)]]></system-out>
      <system-err><![CDATA[2018-05-30 15:11:50 - [TEST_SUITE][FAILED] - Smoke Test: Test Cases/Sponsorship FAILED because (of) Unable to set text 'mallik@gmail.com' of object 'Object Repository/sponser/Page_Sign-in Page  dynamic-usgbc/input_existinguser_usernamae' (Root cause: com.kms.katalon.core.webui.exception.WebElementNotFoundException: Web element with id: 'Object Repository/sponser/Page_Sign-in Page  dynamic-usgbc/input_existinguser_usernamae' located by 'By.xpath: //input[@type = 'text' and @id = 'edit-existinguser-usernamae' and @name = 'existinguser_usernamae' and @placeholder = 'Email']' not found)]]></system-err>
   </testsuite>
</testsuites>
